<?xml version="1.0" encoding="UTF-8"?>
<testsuite name="datadriven.UserDD" tests="1" skipped="0" failures="0" errors="0" timestamp="2021-08-30T23:26:30" hostname="nicolle" time="5.078">
  <properties/>
  <testcase name="incluirUsuario" classname="datadriven.UserDD" time="5.078"/>
  <system-out><![CDATA[Request method:	POST
Request URI:	https://petstore.swagger.io/v2/user
Proxy:			<none>
Request params:	<none>
Query params:	<none>
Form params:	<none>
Path params:	<none>
Headers:		Accept=*/*
				Content-Type=application/json; charset=UTF-8
Cookies:		<none>
Multiparts:		<none>
Body:
{
    "id": 12345,
    "username": "homemaranha",
    "firstName": "piter",
    "lastName": "park",
    "email": "testeus@gmail.com",
    "password": "123456",
    "phone": "11123456789",
    "userStatus": 0
}
HTTP/1.1 200 OK
Date: Mon, 30 Aug 2021 23:26:34 GMT
Content-Type: application/json
Transfer-Encoding: chunked
Connection: keep-alive
Access-Control-Allow-Origin: *
Access-Control-Allow-Methods: GET, POST, DELETE, PUT
Access-Control-Allow-Headers: Content-Type, api_key, Authorization
Server: Jetty(9.2.9.v20150224)

{
    "code": 200,
    "type": "unknown",
    "message": "12345"
}
User id 12345
]]></system-out>
  <system-err><![CDATA[]]></system-err>
</testsuite>
